Copyright 1986-2014 Xilinx, Inc. All Rights Reserved.
-------------------------------------------------------------------------------------------------------------
| Tool Version : Vivado v.2014.2 (lin64) Build 932637 Wed Jun 11 13:08:52 MDT 2014
| Date         : Tue Feb 17 23:23:04 2015
| Host         : ubuntu running 64-bit Ubuntu 12.04.5 LTS
| Command      : report_utilization -file pcie_7x_0_utilization_synth.rpt -pb pcie_7x_0_utilization_synth.pb
| Design       : pcie_7x_0
| Device       : xc7a200t
| Design State : Synthesized
-------------------------------------------------------------------------------------------------------------

Utilization Design Information

Table of Contents
-----------------
1. Slice Logic
2. Memory
3. DSP
4. IO and GT Specific
5. Clocking
6. Specific Feature
7. Primitives
8. Black Boxes
9. Instantiated Netlists

1. Slice Logic
--------------

+-------------------------+------+-------+-----------+-------+
|        Site Type        | Used | Fixed | Available | Util% |
+-------------------------+------+-------+-----------+-------+
| Slice LUTs*             | 2309 |     0 |    134600 |  1.71 |
|   LUT as Logic          | 2309 |     0 |    134600 |  1.71 |
|   LUT as Memory         |    0 |     0 |     46200 |  0.00 |
| Slice Registers         | 2827 |     0 |    269200 |  1.05 |
|   Register as Flip Flop | 2827 |     0 |    269200 |  1.05 |
|   Register as Latch     |    0 |     0 |    269200 |  0.00 |
| F7 Muxes                |   10 |     0 |     67300 |  0.01 |
| F8 Muxes                |    0 |     0 |     33650 |  0.00 |
+-------------------------+------+-------+-----------+-------+
* Warning! The Final LUT count, after physical optimizations and full implementation, is typically lower. Run opt_design after synthesis, if not already completed, for a more realistic count.


2. Memory
---------

+-------------------+------+-------+-----------+-------+
|     Site Type     | Used | Fixed | Available | Util% |
+-------------------+------+-------+-----------+-------+
| Block RAM Tile    |    8 |     0 |       365 |  2.19 |
|   RAMB36/FIFO*    |    8 |     8 |       365 |  2.19 |
|     RAMB36E1 only |    8 |       |           |       |
|   RAMB18          |    0 |     0 |       730 |  0.00 |
+-------------------+------+-------+-----------+-------+
* Note: Each Block RAM Tile only has one FIFO logic available and therefore can accommodate only one FIFO36E1 or one FIFO18E1. However, if a FIFO18E1 occupies a Block RAM Tile, that tile can still accommodate a RAMB18E1


3. DSP
------

+-----------+------+-------+-----------+-------+
| Site Type | Used | Fixed | Available | Util% |
+-----------+------+-------+-----------+-------+
| DSPs      |    0 |     0 |       740 |  0.00 |
+-----------+------+-------+-----------+-------+


4. IO and GT Specific
---------------------

+-----------------------------+------+-------+-----------+-------+
|          Site Type          | Used | Fixed | Available | Util% |
+-----------------------------+------+-------+-----------+-------+
| Bonded IOB                  |    0 |     0 |       285 |  0.00 |
| Bonded IPADs                |    0 |     0 |        14 |  0.00 |
| Bonded OPADs                |    0 |     0 |         8 |  0.00 |
| PHY_CONTROL                 |    0 |     0 |        10 |  0.00 |
| PHASER_REF                  |    0 |     0 |        10 |  0.00 |
| OUT_FIFO                    |    0 |     0 |        40 |  0.00 |
| IN_FIFO                     |    0 |     0 |        40 |  0.00 |
| IDELAYCTRL                  |    0 |     0 |        10 |  0.00 |
| IBUFGDS                     |    0 |     0 |       274 |  0.00 |
| PHASER_OUT/PHASER_OUT_PHY   |    0 |     0 |        40 |  0.00 |
| PHASER_IN/PHASER_IN_PHY     |    0 |     0 |        40 |  0.00 |
| IDELAYE2/IDELAYE2_FINEDELAY |    0 |     0 |       500 |  0.00 |
| IBUFDS_GTE2                 |    0 |     0 |         8 |  0.00 |
| ILOGIC                      |    0 |     0 |       285 |  0.00 |
| OLOGIC                      |    0 |     0 |       285 |  0.00 |
+-----------------------------+------+-------+-----------+-------+


5. Clocking
-----------

+------------+------+-------+-----------+-------+
|  Site Type | Used | Fixed | Available | Util% |
+------------+------+-------+-----------+-------+
| BUFGCTRL   |    5 |     0 |        32 | 15.62 |
| BUFIO      |    0 |     0 |        40 |  0.00 |
| MMCME2_ADV |    1 |     0 |        10 | 10.00 |
| PLLE2_ADV  |    0 |     0 |        10 |  0.00 |
| BUFMRCE    |    0 |     0 |        20 |  0.00 |
| BUFHCE     |    0 |     0 |       120 |  0.00 |
| BUFR       |    0 |     0 |        40 |  0.00 |
+------------+------+-------+-----------+-------+


6. Specific Feature
-------------------

+-------------+------+-------+-----------+--------+
|  Site Type  | Used | Fixed | Available |  Util% |
+-------------+------+-------+-----------+--------+
| BSCANE2     |    0 |     0 |         4 |   0.00 |
| CAPTUREE2   |    0 |     0 |         1 |   0.00 |
| DNA_PORT    |    0 |     0 |         1 |   0.00 |
| EFUSE_USR   |    0 |     0 |         1 |   0.00 |
| FRAME_ECCE2 |    0 |     0 |         1 |   0.00 |
| ICAPE2      |    0 |     0 |         2 |   0.00 |
| PCIE_2_1    |    1 |     1 |         1 | 100.00 |
| STARTUPE2   |    0 |     0 |         1 |   0.00 |
| XADC        |    0 |     0 |         1 |   0.00 |
+-------------+------+-------+-----------+--------+


7. Primitives
-------------

+---------------+------+----------------------+
|    Ref Name   | Used |  Functional Category |
+---------------+------+----------------------+
| FDRE          | 2698 |         Flop & Latch |
| LUT6          |  730 |                  LUT |
| LUT5          |  537 |                  LUT |
| LUT4          |  403 |                  LUT |
| LUT2          |  386 |                  LUT |
| LUT3          |  235 |                  LUT |
| LUT1          |  161 |                  LUT |
| FDSE          |  117 |         Flop & Latch |
| CARRY4        |   27 |           CarryLogic |
| MUXF7         |   10 |                MuxFx |
| FDCE          |   10 |         Flop & Latch |
| RAMB36E1      |    8 |         Block Memory |
| GTPE2_CHANNEL |    4 |                   IO |
| BUFG          |    3 |                Clock |
| FDPE          |    2 |         Flop & Latch |
| BUFGCTRL      |    2 |                Clock |
| PCIE_2_1      |    1 | Specialized Resource |
| MMCME2_ADV    |    1 |                Clock |
| GTPE2_COMMON  |    1 |                   IO |
+---------------+------+----------------------+


8. Black Boxes
--------------

+----------+------+
| Ref Name | Used |
+----------+------+


9. Instantiated Netlists
------------------------

+----------+------+
| Ref Name | Used |
+----------+------+


