
*** Running vivado
    with args -log v6pcieDMA.vdi -applog -m64 -messageDb vivado.pb -mode batch -source v6pcieDMA.tcl -notrace


****** Vivado v2014.2 (64-bit)
  **** SW Build 932637 on Wed Jun 11 13:08:52 MDT 2014
  **** IP Build 924643 on Fri May 30 09:20:16 MDT 2014
    ** Copyright 1986-2014 Xilinx, Inc. All Rights Reserved.

source v6pcieDMA.tcl -notrace
CRITICAL WARNING: [Board 49-4] Problem parsing board_part file - /opt/Xilinx/Vivado/2014.2/data/boards/board_parts/zynq/zc706/0.9/board_part.xml, The board part 'xc7z045ffg900-2' is either not supported or invalid.
CRITICAL WARNING: [Board 49-4] Problem parsing board_part file - /opt/Xilinx/Vivado/2014.2/data/boards/board_parts/zynq/zc706/1.0/board_part.xml, The board part 'xc7z045ffg900-2' is either not supported or invalid.
CRITICAL WARNING: [Board 49-4] Problem parsing board_part file - /opt/Xilinx/Vivado/2014.2/data/boards/board_parts/kintex7/kc705/0.9/board_part.xml, The board part 'xc7k325tffg900-2' is either not supported or invalid.
CRITICAL WARNING: [Board 49-4] Problem parsing board_part file - /opt/Xilinx/Vivado/2014.2/data/boards/board_parts/kintex7/kc705/1.0/board_part.xml, The board part 'xc7k325tffg900-2' is either not supported or invalid.
Design is defaulting to srcset: sources_1
Design is defaulting to constrset: constrs_1
INFO: [Project 1-454] Reading design checkpoint '/home/vladimir/TESTDIFFAC/cernv1/cernv1.srcs/sources_1/ip/clk_wiz_0/clk_wiz_0.dcp' for cell 'Inst_clckinvert'
INFO: [Project 1-454] Reading design checkpoint '/home/vladimir/TESTDIFFAC/cernv1/cernv1.runs/pcie_7x_0_synth_1/pcie_7x_0.dcp' for cell 'make4Lanes.pcieCore/v7_pcie_i'
INFO: [Project 1-454] Reading design checkpoint '/home/vladimir/TESTDIFFAC/cernv1/cernv1.runs/v6_sfifo_15x128_synth_1/v6_sfifo_15x128.dcp' for cell 'theTlpControl/rx_Itf/Downstream_DMA_Engine/DMA_DSP_Buffer'
INFO: [Project 1-454] Reading design checkpoint '/home/vladimir/TESTDIFFAC/cernv1/cernv1.runs/v6_sfifo_15x128_synth_1/v6_sfifo_15x128.dcp' for cell 'theTlpControl/rx_Itf/MRd_Channel/pioCplD_Buffer'
INFO: [Project 1-454] Reading design checkpoint '/home/vladimir/TESTDIFFAC/cernv1/cernv1.runs/v6_sfifo_15x128_synth_1/v6_sfifo_15x128.dcp' for cell 'theTlpControl/rx_Itf/Upstream_DMA_Engine/US_TLP_Buffer'
INFO: [Project 1-454] Reading design checkpoint '/home/vladimir/TESTDIFFAC/cernv1/cernv1.runs/v6_mBuf_128x72_synth_1/v6_mBuf_128x72.dcp' for cell 'theTlpControl/tx_Itf/ABB_Tx_MBuffer'
INFO: [Project 1-454] Reading design checkpoint '/home/vladimir/TESTDIFFAC/cernv1/cernv1.runs/v6_eb_fifo_counted_resized_synth_1/v6_eb_fifo_counted_resized.dcp' for cell 'LoopBack_FIFO_Off.queue_buffer0/U0_B2H'
INFO: [Netlist 29-17] Analyzing 571 Unisim elements for replacement
INFO: [Netlist 29-28] Unisim Transformation completed in 0 CPU seconds
INFO: [Project 1-479] Netlist was created with Vivado 2014.2
Loading clock regions from /opt/Xilinx/Vivado/2014.2/data/parts/xilinx/artix7/artix7/xc7a200t/ClockRegion.xml
Loading clock buffers from /opt/Xilinx/Vivado/2014.2/data/parts/xilinx/artix7/artix7/xc7a200t/ClockBuffers.xml
Loading clock placement rules from /opt/Xilinx/Vivado/2014.2/data/parts/xilinx/artix7/ClockPlacerRules.xml
Loading package pin functions from /opt/Xilinx/Vivado/2014.2/data/parts/xilinx/artix7/PinFunctions.xml...
Loading package from /opt/Xilinx/Vivado/2014.2/data/parts/xilinx/artix7/artix7/xc7a200t/fbg484/Package.xml
Loading io standards from /opt/Xilinx/Vivado/2014.2/data/./parts/xilinx/artix7/IOStandards.xml
Loading device configuration modes from /opt/Xilinx/Vivado/2014.2/data/parts/xilinx/artix7/ConfigModes.xml
INFO: [Opt 31-140] Inserted 8 IBUFs to IO ports without IO buffers.
INFO: [Opt 31-141] Inserted 11 OBUFs to IO ports without IO buffers.
Parsing XDC File [/home/vladimir/TESTDIFFAC/cernv1/cernv1.srcs/sources_1/ip/clk_wiz_0/clk_wiz_0.xdc] for cell 'Inst_clckinvert/U0'
Finished Parsing XDC File [/home/vladimir/TESTDIFFAC/cernv1/cernv1.srcs/sources_1/ip/clk_wiz_0/clk_wiz_0.xdc] for cell 'Inst_clckinvert/U0'
Parsing XDC File [/home/vladimir/TESTDIFFAC/cernv1/cernv1.srcs/sources_1/ip/clk_wiz_0/clk_wiz_0_board.xdc] for cell 'Inst_clckinvert/U0'
Finished Parsing XDC File [/home/vladimir/TESTDIFFAC/cernv1/cernv1.srcs/sources_1/ip/clk_wiz_0/clk_wiz_0_board.xdc] for cell 'Inst_clckinvert/U0'
Parsing XDC File [/home/vladimir/TESTDIFFAC/cernv1/cernv1.srcs/sources_1/ip/pcie_7x_0/source/pcie_7x_0-PCIE_X0Y0.xdc] for cell 'make4Lanes.pcieCore/v7_pcie_i/U0'
Finished Parsing XDC File [/home/vladimir/TESTDIFFAC/cernv1/cernv1.srcs/sources_1/ip/pcie_7x_0/source/pcie_7x_0-PCIE_X0Y0.xdc] for cell 'make4Lanes.pcieCore/v7_pcie_i/U0'
Parsing XDC File [/home/vladimir/TESTDIFFAC/cernv1/cernv1.srcs/sources_1/ip/v6_sfifo_15x128/v6_sfifo_15x128/v6_sfifo_15x128.xdc] for cell 'theTlpControl/rx_Itf/Downstream_DMA_Engine/DMA_DSP_Buffer/U0'
Finished Parsing XDC File [/home/vladimir/TESTDIFFAC/cernv1/cernv1.srcs/sources_1/ip/v6_sfifo_15x128/v6_sfifo_15x128/v6_sfifo_15x128.xdc] for cell 'theTlpControl/rx_Itf/Downstream_DMA_Engine/DMA_DSP_Buffer/U0'
Parsing XDC File [/home/vladimir/TESTDIFFAC/cernv1/cernv1.srcs/sources_1/ip/v6_sfifo_15x128/v6_sfifo_15x128/v6_sfifo_15x128.xdc] for cell 'theTlpControl/rx_Itf/Upstream_DMA_Engine/US_TLP_Buffer/U0'
Finished Parsing XDC File [/home/vladimir/TESTDIFFAC/cernv1/cernv1.srcs/sources_1/ip/v6_sfifo_15x128/v6_sfifo_15x128/v6_sfifo_15x128.xdc] for cell 'theTlpControl/rx_Itf/Upstream_DMA_Engine/US_TLP_Buffer/U0'
Parsing XDC File [/home/vladimir/TESTDIFFAC/cernv1/cernv1.srcs/sources_1/ip/v6_sfifo_15x128/v6_sfifo_15x128/v6_sfifo_15x128.xdc] for cell 'theTlpControl/rx_Itf/MRd_Channel/pioCplD_Buffer/U0'
Finished Parsing XDC File [/home/vladimir/TESTDIFFAC/cernv1/cernv1.srcs/sources_1/ip/v6_sfifo_15x128/v6_sfifo_15x128/v6_sfifo_15x128.xdc] for cell 'theTlpControl/rx_Itf/MRd_Channel/pioCplD_Buffer/U0'
Parsing XDC File [/home/vladimir/TESTDIFFAC/cernv1/cernv1.srcs/sources_1/ip/v6_mBuf_128x72/v6_mBuf_128x72/v6_mBuf_128x72.xdc] for cell 'theTlpControl/tx_Itf/ABB_Tx_MBuffer/U0'
Finished Parsing XDC File [/home/vladimir/TESTDIFFAC/cernv1/cernv1.srcs/sources_1/ip/v6_mBuf_128x72/v6_mBuf_128x72/v6_mBuf_128x72.xdc] for cell 'theTlpControl/tx_Itf/ABB_Tx_MBuffer/U0'
Parsing XDC File [/home/vladimir/TESTDIFFAC/cernv1/cernv1.srcs/sources_1/ip/v6_eb_fifo_counted_resized/v6_eb_fifo_counted_resized/v6_eb_fifo_counted_resized.xdc] for cell 'LoopBack_FIFO_Off.queue_buffer0/U0_B2H/U0'
Finished Parsing XDC File [/home/vladimir/TESTDIFFAC/cernv1/cernv1.srcs/sources_1/ip/v6_eb_fifo_counted_resized/v6_eb_fifo_counted_resized/v6_eb_fifo_counted_resized.xdc] for cell 'LoopBack_FIFO_Off.queue_buffer0/U0_B2H/U0'
Parsing XDC File [/home/vladimir/TESTDIFFAC/cernv1/cernv1.srcs/constrs_1/imports/cern.git/ABB3_pcie_4_lane_EMu_FIFO_elink.xdc]
WARNING: [Vivado 12-507] No nets matched 'ADCCLK1'. [/home/vladimir/TESTDIFFAC/cernv1/cernv1.srcs/constrs_1/imports/cern.git/ABB3_pcie_4_lane_EMu_FIFO_elink.xdc:388]
CRITICAL WARNING: [Common 17-55] 'set_property' expects at least one object. [/home/vladimir/TESTDIFFAC/cernv1/cernv1.srcs/constrs_1/imports/cern.git/ABB3_pcie_4_lane_EMu_FIFO_elink.xdc:388]
WARNING: [Vivado 12-507] No nets matched 'ADCCLK2'. [/home/vladimir/TESTDIFFAC/cernv1/cernv1.srcs/constrs_1/imports/cern.git/ABB3_pcie_4_lane_EMu_FIFO_elink.xdc:392]
CRITICAL WARNING: [Common 17-55] 'set_property' expects at least one object. [/home/vladimir/TESTDIFFAC/cernv1/cernv1.srcs/constrs_1/imports/cern.git/ABB3_pcie_4_lane_EMu_FIFO_elink.xdc:392]
Finished Parsing XDC File [/home/vladimir/TESTDIFFAC/cernv1/cernv1.srcs/constrs_1/imports/cern.git/ABB3_pcie_4_lane_EMu_FIFO_elink.xdc]
INFO: [Project 1-538] Ignoring constraints in dcp '/home/vladimir/TESTDIFFAC/cernv1/cernv1.srcs/sources_1/ip/clk_wiz_0/clk_wiz_0.dcp'
INFO: [Project 1-538] Ignoring constraints in dcp '/home/vladimir/TESTDIFFAC/cernv1/cernv1.runs/pcie_7x_0_synth_1/pcie_7x_0.dcp'
INFO: [Project 1-538] Ignoring constraints in dcp '/home/vladimir/TESTDIFFAC/cernv1/cernv1.runs/v6_sfifo_15x128_synth_1/v6_sfifo_15x128.dcp'
INFO: [Project 1-538] Ignoring constraints in dcp '/home/vladimir/TESTDIFFAC/cernv1/cernv1.runs/v6_sfifo_15x128_synth_1/v6_sfifo_15x128.dcp'
INFO: [Project 1-538] Ignoring constraints in dcp '/home/vladimir/TESTDIFFAC/cernv1/cernv1.runs/v6_sfifo_15x128_synth_1/v6_sfifo_15x128.dcp'
INFO: [Project 1-538] Ignoring constraints in dcp '/home/vladimir/TESTDIFFAC/cernv1/cernv1.runs/v6_mBuf_128x72_synth_1/v6_mBuf_128x72.dcp'
INFO: [Project 1-538] Ignoring constraints in dcp '/home/vladimir/TESTDIFFAC/cernv1/cernv1.runs/v6_eb_fifo_counted_resized_synth_1/v6_eb_fifo_counted_resized.dcp'
Parsing XDC File [/home/vladimir/TESTDIFFAC/cernv1/cernv1.srcs/sources_1/ip/v6_eb_fifo_counted_resized/v6_eb_fifo_counted_resized/v6_eb_fifo_counted_resized_clocks.xdc] for cell 'LoopBack_FIFO_Off.queue_buffer0/U0_B2H/U0'
INFO: [Timing 38-35] Done setting XDC timing constraints. [/home/vladimir/TESTDIFFAC/cernv1/cernv1.srcs/sources_1/ip/v6_eb_fifo_counted_resized/v6_eb_fifo_counted_resized/v6_eb_fifo_counted_resized_clocks.xdc:53]
INFO: [Timing 38-2] Deriving generated clocks [/home/vladimir/TESTDIFFAC/cernv1/cernv1.srcs/sources_1/ip/v6_eb_fifo_counted_resized/v6_eb_fifo_counted_resized/v6_eb_fifo_counted_resized_clocks.xdc:53]
get_clocks: Time (s): cpu = 00:00:11 ; elapsed = 00:00:11 . Memory (MB): peak = 1508.180 ; gain = 432.523
Finished Parsing XDC File [/home/vladimir/TESTDIFFAC/cernv1/cernv1.srcs/sources_1/ip/v6_eb_fifo_counted_resized/v6_eb_fifo_counted_resized/v6_eb_fifo_counted_resized_clocks.xdc] for cell 'LoopBack_FIFO_Off.queue_buffer0/U0_B2H/U0'
INFO: [Opt 31-138] Pushed 0 inverter(s) to 0 load pin(s).
INFO: [Project 1-111] Unisim Transformation Summary:
No Unisim elements were transformed.

link_design: Time (s): cpu = 00:00:20 ; elapsed = 00:00:20 . Memory (MB): peak = 1508.180 ; gain = 764.574
Command: opt_design
Attempting to get a license for feature 'Implementation' and/or device 'xc7a200t'
INFO: [Common 17-349] Got license for feature 'Implementation' and/or device 'xc7a200t'
Running DRC as a precondition to command opt_design

Starting DRC Task
INFO: [Drc 23-27] Running DRC with 4 threads
INFO: [Project 1-461] DRC finished with 0 Errors
INFO: [Project 1-462] Please refer to the DRC report (report_drc) for more information.

Time (s): cpu = 00:00:00.37 ; elapsed = 00:00:00.37 . Memory (MB): peak = 1513.184 ; gain = 4.004

Starting Logic Optimization Task

Phase 1 Retarget

WARNING: [Opt 31-155] Driverless net make4Lanes.pcieCore/v7_pcie_i/U0/inst/pcie_top_i/pcie_7x_i/cfg_err_atomic_egress_blocked is driving LUT input pin I0 which is used by the LUT equation. If the LUT is not removed or a driver added, this warning will become an error. LUT cell name: make4Lanes.pcieCore/v7_pcie_i/U0/inst/pcie_top_i/pcie_7x_i/pcie_block_i_i_1
WARNING: [Opt 31-155] Driverless net make4Lanes.pcieCore/v7_pcie_i/U0/inst/pcie_top_i/pcie_7x_i/cfg_err_malformed is driving LUT input pin I0 which is used by the LUT equation. If the LUT is not removed or a driver added, this warning will become an error. LUT cell name: make4Lanes.pcieCore/v7_pcie_i/U0/inst/pcie_top_i/pcie_7x_i/pcie_block_i_i_10
WARNING: [Opt 31-155] Driverless net make4Lanes.pcieCore/v7_pcie_i/U0/inst/pcie_top_i/pcie_7x_i/cfg_err_mc_blocked is driving LUT input pin I0 which is used by the LUT equation. If the LUT is not removed or a driver added, this warning will become an error. LUT cell name: make4Lanes.pcieCore/v7_pcie_i/U0/inst/pcie_top_i/pcie_7x_i/pcie_block_i_i_11
WARNING: [Opt 31-155] Driverless net make4Lanes.pcieCore/v7_pcie_i/U0/inst/pcie_top_i/pcie_7x_i/cfg_err_norecovery is driving LUT input pin I0 which is used by the LUT equation. If the LUT is not removed or a driver added, this warning will become an error. LUT cell name: make4Lanes.pcieCore/v7_pcie_i/U0/inst/pcie_top_i/pcie_7x_i/pcie_block_i_i_12
WARNING: [Opt 31-155] Driverless net make4Lanes.pcieCore/v7_pcie_i/U0/inst/pcie_top_i/pcie_7x_i/cfg_err_poisoned is driving LUT input pin I0 which is used by the LUT equation. If the LUT is not removed or a driver added, this warning will become an error. LUT cell name: make4Lanes.pcieCore/v7_pcie_i/U0/inst/pcie_top_i/pcie_7x_i/pcie_block_i_i_13
WARNING: [Opt 31-155] Driverless net make4Lanes.pcieCore/v7_pcie_i/U0/inst/pcie_top_i/pcie_7x_i/cfg_interrupt_stat is driving LUT input pin I0 which is used by the LUT equation. If the LUT is not removed or a driver added, this warning will become an error. LUT cell name: make4Lanes.pcieCore/v7_pcie_i/U0/inst/pcie_top_i/pcie_7x_i/pcie_block_i_i_18
WARNING: [Opt 31-155] Driverless net make4Lanes.pcieCore/v7_pcie_i/U0/inst/pcie_top_i/pcie_7x_i/cfg_mgmt_wr_readonly is driving LUT input pin I0 which is used by the LUT equation. If the LUT is not removed or a driver added, this warning will become an error. LUT cell name: make4Lanes.pcieCore/v7_pcie_i/U0/inst/pcie_top_i/pcie_7x_i/pcie_block_i_i_21
WARNING: [Opt 31-155] Driverless net make4Lanes.pcieCore/v7_pcie_i/U0/inst/pcie_top_i/pcie_7x_i/cfg_pm_force_state_en is driving LUT input pin I0 which is used by the LUT equation. If the LUT is not removed or a driver added, this warning will become an error. LUT cell name: make4Lanes.pcieCore/v7_pcie_i/U0/inst/pcie_top_i/pcie_7x_i/pcie_block_i_i_23
WARNING: [Opt 31-155] Driverless net make4Lanes.pcieCore/v7_pcie_i/U0/inst/pcie_top_i/pcie_7x_i/cfg_pm_halt_aspm_l0s is driving LUT input pin I0 which is used by the LUT equation. If the LUT is not removed or a driver added, this warning will become an error. LUT cell name: make4Lanes.pcieCore/v7_pcie_i/U0/inst/pcie_top_i/pcie_7x_i/pcie_block_i_i_24
WARNING: [Opt 31-155] Driverless net make4Lanes.pcieCore/v7_pcie_i/U0/inst/pcie_top_i/pcie_7x_i/cfg_pm_halt_aspm_l1 is driving LUT input pin I0 which is used by the LUT equation. If the LUT is not removed or a driver added, this warning will become an error. LUT cell name: make4Lanes.pcieCore/v7_pcie_i/U0/inst/pcie_top_i/pcie_7x_i/pcie_block_i_i_25
WARNING: [Opt 31-155] Driverless net make4Lanes.pcieCore/v7_pcie_i/U0/inst/pcie_top_i/pcie_7x_i/cfg_err_internal_cor is driving LUT input pin I0 which is used by the LUT equation. If the LUT is not removed or a driver added, this warning will become an error. LUT cell name: make4Lanes.pcieCore/v7_pcie_i/U0/inst/pcie_top_i/pcie_7x_i/pcie_block_i_i_7
WARNING: [Opt 31-155] Driverless net make4Lanes.pcieCore/v7_pcie_i/U0/inst/pcie_top_i/pcie_7x_i/cfg_err_internal_uncor is driving LUT input pin I0 which is used by the LUT equation. If the LUT is not removed or a driver added, this warning will become an error. LUT cell name: make4Lanes.pcieCore/v7_pcie_i/U0/inst/pcie_top_i/pcie_7x_i/pcie_block_i_i_8
INFO: [Opt 31-138] Pushed 5 inverter(s) to 7 load pin(s).
INFO: [Opt 31-49] Retargeted 0 cell(s).
Phase 1 Retarget | Checksum: 19a18ce2d

Time (s): cpu = 00:00:00.74 ; elapsed = 00:00:00.73 . Memory (MB): peak = 1513.184 ; gain = 0.000

Phase 2 Constant Propagation
INFO: [Opt 31-138] Pushed 4 inverter(s) to 4 load pin(s).
INFO: [Opt 31-10] Eliminated 1609 cells.
Phase 2 Constant Propagation | Checksum: 10a14aa01

Time (s): cpu = 00:00:03 ; elapsed = 00:00:03 . Memory (MB): peak = 1513.184 ; gain = 0.000

Phase 3 Sweep
WARNING: [Opt 31-6] Deleting driverless net: make4Lanes.pcieCore/v7_pcie_i/cfg_aer_interrupt_msgnum[0].
WARNING: [Opt 31-6] Deleting driverless net: make4Lanes.pcieCore/v7_pcie_i/cfg_aer_interrupt_msgnum[1].
WARNING: [Opt 31-6] Deleting driverless net: make4Lanes.pcieCore/v7_pcie_i/cfg_aer_interrupt_msgnum[2].
WARNING: [Opt 31-6] Deleting driverless net: make4Lanes.pcieCore/v7_pcie_i/cfg_aer_interrupt_msgnum[3].
WARNING: [Opt 31-6] Deleting driverless net: make4Lanes.pcieCore/v7_pcie_i/cfg_aer_interrupt_msgnum[4].
WARNING: [Opt 31-6] Deleting driverless net: make4Lanes.pcieCore/v7_pcie_i/cfg_err_acs.
WARNING: [Opt 31-6] Deleting driverless net: make4Lanes.pcieCore/v7_pcie_i/cfg_err_aer_headerlog[0].
WARNING: [Opt 31-6] Deleting driverless net: make4Lanes.pcieCore/v7_pcie_i/cfg_err_aer_headerlog[100].
WARNING: [Opt 31-6] Deleting driverless net: make4Lanes.pcieCore/v7_pcie_i/cfg_err_aer_headerlog[101].
WARNING: [Opt 31-6] Deleting driverless net: make4Lanes.pcieCore/v7_pcie_i/cfg_err_aer_headerlog[102].
WARNING: [Opt 31-6] Deleting driverless net: make4Lanes.pcieCore/v7_pcie_i/cfg_err_aer_headerlog[103].
WARNING: [Opt 31-6] Deleting driverless net: make4Lanes.pcieCore/v7_pcie_i/cfg_err_aer_headerlog[104].
WARNING: [Opt 31-6] Deleting driverless net: make4Lanes.pcieCore/v7_pcie_i/cfg_err_aer_headerlog[105].
WARNING: [Opt 31-6] Deleting driverless net: make4Lanes.pcieCore/v7_pcie_i/cfg_err_aer_headerlog[106].
WARNING: [Opt 31-6] Deleting driverless net: make4Lanes.pcieCore/v7_pcie_i/cfg_err_aer_headerlog[107].
WARNING: [Opt 31-6] Deleting driverless net: make4Lanes.pcieCore/v7_pcie_i/cfg_err_aer_headerlog[108].
WARNING: [Opt 31-6] Deleting driverless net: make4Lanes.pcieCore/v7_pcie_i/cfg_err_aer_headerlog[109].
WARNING: [Opt 31-6] Deleting driverless net: make4Lanes.pcieCore/v7_pcie_i/cfg_err_aer_headerlog[10].
WARNING: [Opt 31-6] Deleting driverless net: make4Lanes.pcieCore/v7_pcie_i/cfg_err_aer_headerlog[110].
WARNING: [Opt 31-6] Deleting driverless net: make4Lanes.pcieCore/v7_pcie_i/cfg_err_aer_headerlog[111].
WARNING: [Opt 31-6] Deleting driverless net: make4Lanes.pcieCore/v7_pcie_i/cfg_err_aer_headerlog[112].
WARNING: [Opt 31-6] Deleting driverless net: make4Lanes.pcieCore/v7_pcie_i/cfg_err_aer_headerlog[113].
WARNING: [Opt 31-6] Deleting driverless net: make4Lanes.pcieCore/v7_pcie_i/cfg_err_aer_headerlog[114].
WARNING: [Opt 31-6] Deleting driverless net: make4Lanes.pcieCore/v7_pcie_i/cfg_err_aer_headerlog[115].
WARNING: [Opt 31-6] Deleting driverless net: make4Lanes.pcieCore/v7_pcie_i/cfg_err_aer_headerlog[116].
WARNING: [Opt 31-6] Deleting driverless net: make4Lanes.pcieCore/v7_pcie_i/cfg_err_aer_headerlog[117].
WARNING: [Opt 31-6] Deleting driverless net: make4Lanes.pcieCore/v7_pcie_i/cfg_err_aer_headerlog[118].
WARNING: [Opt 31-6] Deleting driverless net: make4Lanes.pcieCore/v7_pcie_i/cfg_err_aer_headerlog[119].
WARNING: [Opt 31-6] Deleting driverless net: make4Lanes.pcieCore/v7_pcie_i/cfg_err_aer_headerlog[11].
WARNING: [Opt 31-6] Deleting driverless net: make4Lanes.pcieCore/v7_pcie_i/cfg_err_aer_headerlog[120].
WARNING: [Opt 31-6] Deleting driverless net: make4Lanes.pcieCore/v7_pcie_i/cfg_err_aer_headerlog[121].
WARNING: [Opt 31-6] Deleting driverless net: make4Lanes.pcieCore/v7_pcie_i/cfg_err_aer_headerlog[122].
WARNING: [Opt 31-6] Deleting driverless net: make4Lanes.pcieCore/v7_pcie_i/cfg_err_aer_headerlog[123].
WARNING: [Opt 31-6] Deleting driverless net: make4Lanes.pcieCore/v7_pcie_i/cfg_err_aer_headerlog[124].
WARNING: [Opt 31-6] Deleting driverless net: make4Lanes.pcieCore/v7_pcie_i/cfg_err_aer_headerlog[125].
WARNING: [Opt 31-6] Deleting driverless net: make4Lanes.pcieCore/v7_pcie_i/cfg_err_aer_headerlog[126].
WARNING: [Opt 31-6] Deleting driverless net: make4Lanes.pcieCore/v7_pcie_i/cfg_err_aer_headerlog[127].
WARNING: [Opt 31-6] Deleting driverless net: make4Lanes.pcieCore/v7_pcie_i/cfg_err_aer_headerlog[12].
WARNING: [Opt 31-6] Deleting driverless net: make4Lanes.pcieCore/v7_pcie_i/cfg_err_aer_headerlog[13].
WARNING: [Opt 31-6] Deleting driverless net: make4Lanes.pcieCore/v7_pcie_i/cfg_err_aer_headerlog[14].
WARNING: [Opt 31-6] Deleting driverless net: make4Lanes.pcieCore/v7_pcie_i/cfg_err_aer_headerlog[15].
WARNING: [Opt 31-6] Deleting driverless net: make4Lanes.pcieCore/v7_pcie_i/cfg_err_aer_headerlog[16].
WARNING: [Opt 31-6] Deleting driverless net: make4Lanes.pcieCore/v7_pcie_i/cfg_err_aer_headerlog[17].
WARNING: [Opt 31-6] Deleting driverless net: make4Lanes.pcieCore/v7_pcie_i/cfg_err_aer_headerlog[18].
WARNING: [Opt 31-6] Deleting driverless net: make4Lanes.pcieCore/v7_pcie_i/cfg_err_aer_headerlog[19].
WARNING: [Opt 31-6] Deleting driverless net: make4Lanes.pcieCore/v7_pcie_i/cfg_err_aer_headerlog[1].
WARNING: [Opt 31-6] Deleting driverless net: make4Lanes.pcieCore/v7_pcie_i/cfg_err_aer_headerlog[20].
WARNING: [Opt 31-6] Deleting driverless net: make4Lanes.pcieCore/v7_pcie_i/cfg_err_aer_headerlog[21].
WARNING: [Opt 31-6] Deleting driverless net: make4Lanes.pcieCore/v7_pcie_i/cfg_err_aer_headerlog[22].
WARNING: [Opt 31-6] Deleting driverless net: make4Lanes.pcieCore/v7_pcie_i/cfg_err_aer_headerlog[23].
WARNING: [Opt 31-6] Deleting driverless net: make4Lanes.pcieCore/v7_pcie_i/cfg_err_aer_headerlog[24].
WARNING: [Opt 31-6] Deleting driverless net: make4Lanes.pcieCore/v7_pcie_i/cfg_err_aer_headerlog[25].
WARNING: [Opt 31-6] Deleting driverless net: make4Lanes.pcieCore/v7_pcie_i/cfg_err_aer_headerlog[26].
WARNING: [Opt 31-6] Deleting driverless net: make4Lanes.pcieCore/v7_pcie_i/cfg_err_aer_headerlog[27].
WARNING: [Opt 31-6] Deleting driverless net: make4Lanes.pcieCore/v7_pcie_i/cfg_err_aer_headerlog[28].
WARNING: [Opt 31-6] Deleting driverless net: make4Lanes.pcieCore/v7_pcie_i/cfg_err_aer_headerlog[29].
WARNING: [Opt 31-6] Deleting driverless net: make4Lanes.pcieCore/v7_pcie_i/cfg_err_aer_headerlog[2].
WARNING: [Opt 31-6] Deleting driverless net: make4Lanes.pcieCore/v7_pcie_i/cfg_err_aer_headerlog[30].
WARNING: [Opt 31-6] Deleting driverless net: make4Lanes.pcieCore/v7_pcie_i/cfg_err_aer_headerlog[31].
WARNING: [Opt 31-6] Deleting driverless net: make4Lanes.pcieCore/v7_pcie_i/cfg_err_aer_headerlog[32].
WARNING: [Opt 31-6] Deleting driverless net: make4Lanes.pcieCore/v7_pcie_i/cfg_err_aer_headerlog[33].
WARNING: [Opt 31-6] Deleting driverless net: make4Lanes.pcieCore/v7_pcie_i/cfg_err_aer_headerlog[34].
WARNING: [Opt 31-6] Deleting driverless net: make4Lanes.pcieCore/v7_pcie_i/cfg_err_aer_headerlog[35].
WARNING: [Opt 31-6] Deleting driverless net: make4Lanes.pcieCore/v7_pcie_i/cfg_err_aer_headerlog[36].
WARNING: [Opt 31-6] Deleting driverless net: make4Lanes.pcieCore/v7_pcie_i/cfg_err_aer_headerlog[37].
WARNING: [Opt 31-6] Deleting driverless net: make4Lanes.pcieCore/v7_pcie_i/cfg_err_aer_headerlog[38].
WARNING: [Opt 31-6] Deleting driverless net: make4Lanes.pcieCore/v7_pcie_i/cfg_err_aer_headerlog[39].
WARNING: [Opt 31-6] Deleting driverless net: make4Lanes.pcieCore/v7_pcie_i/cfg_err_aer_headerlog[3].
WARNING: [Opt 31-6] Deleting driverless net: make4Lanes.pcieCore/v7_pcie_i/cfg_err_aer_headerlog[40].
WARNING: [Opt 31-6] Deleting driverless net: make4Lanes.pcieCore/v7_pcie_i/cfg_err_aer_headerlog[41].
WARNING: [Opt 31-6] Deleting driverless net: make4Lanes.pcieCore/v7_pcie_i/cfg_err_aer_headerlog[42].
WARNING: [Opt 31-6] Deleting driverless net: make4Lanes.pcieCore/v7_pcie_i/cfg_err_aer_headerlog[43].
WARNING: [Opt 31-6] Deleting driverless net: make4Lanes.pcieCore/v7_pcie_i/cfg_err_aer_headerlog[44].
WARNING: [Opt 31-6] Deleting driverless net: make4Lanes.pcieCore/v7_pcie_i/cfg_err_aer_headerlog[45].
WARNING: [Opt 31-6] Deleting driverless net: make4Lanes.pcieCore/v7_pcie_i/cfg_err_aer_headerlog[46].
WARNING: [Opt 31-6] Deleting driverless net: make4Lanes.pcieCore/v7_pcie_i/cfg_err_aer_headerlog[47].
WARNING: [Opt 31-6] Deleting driverless net: make4Lanes.pcieCore/v7_pcie_i/cfg_err_aer_headerlog[48].
WARNING: [Opt 31-6] Deleting driverless net: make4Lanes.pcieCore/v7_pcie_i/cfg_err_aer_headerlog[49].
WARNING: [Opt 31-6] Deleting driverless net: make4Lanes.pcieCore/v7_pcie_i/cfg_err_aer_headerlog[4].
WARNING: [Opt 31-6] Deleting driverless net: make4Lanes.pcieCore/v7_pcie_i/cfg_err_aer_headerlog[50].
WARNING: [Opt 31-6] Deleting driverless net: make4Lanes.pcieCore/v7_pcie_i/cfg_err_aer_headerlog[51].
WARNING: [Opt 31-6] Deleting driverless net: make4Lanes.pcieCore/v7_pcie_i/cfg_err_aer_headerlog[52].
WARNING: [Opt 31-6] Deleting driverless net: make4Lanes.pcieCore/v7_pcie_i/cfg_err_aer_headerlog[53].
WARNING: [Opt 31-6] Deleting driverless net: make4Lanes.pcieCore/v7_pcie_i/cfg_err_aer_headerlog[54].
WARNING: [Opt 31-6] Deleting driverless net: make4Lanes.pcieCore/v7_pcie_i/cfg_err_aer_headerlog[55].
WARNING: [Opt 31-6] Deleting driverless net: make4Lanes.pcieCore/v7_pcie_i/cfg_err_aer_headerlog[56].
WARNING: [Opt 31-6] Deleting driverless net: make4Lanes.pcieCore/v7_pcie_i/cfg_err_aer_headerlog[57].
WARNING: [Opt 31-6] Deleting driverless net: make4Lanes.pcieCore/v7_pcie_i/cfg_err_aer_headerlog[58].
WARNING: [Opt 31-6] Deleting driverless net: make4Lanes.pcieCore/v7_pcie_i/cfg_err_aer_headerlog[59].
WARNING: [Opt 31-6] Deleting driverless net: make4Lanes.pcieCore/v7_pcie_i/cfg_err_aer_headerlog[5].
WARNING: [Opt 31-6] Deleting driverless net: make4Lanes.pcieCore/v7_pcie_i/cfg_err_aer_headerlog[60].
WARNING: [Opt 31-6] Deleting driverless net: make4Lanes.pcieCore/v7_pcie_i/cfg_err_aer_headerlog[61].
WARNING: [Opt 31-6] Deleting driverless net: make4Lanes.pcieCore/v7_pcie_i/cfg_err_aer_headerlog[62].
WARNING: [Opt 31-6] Deleting driverless net: make4Lanes.pcieCore/v7_pcie_i/cfg_err_aer_headerlog[63].
WARNING: [Opt 31-6] Deleting driverless net: make4Lanes.pcieCore/v7_pcie_i/cfg_err_aer_headerlog[64].
WARNING: [Opt 31-6] Deleting driverless net: make4Lanes.pcieCore/v7_pcie_i/cfg_err_aer_headerlog[65].
WARNING: [Opt 31-6] Deleting driverless net: make4Lanes.pcieCore/v7_pcie_i/cfg_err_aer_headerlog[66].
WARNING: [Opt 31-6] Deleting driverless net: make4Lanes.pcieCore/v7_pcie_i/cfg_err_aer_headerlog[67].
WARNING: [Opt 31-6] Deleting driverless net: make4Lanes.pcieCore/v7_pcie_i/cfg_err_aer_headerlog[68].
WARNING: [Opt 31-6] Deleting driverless net: make4Lanes.pcieCore/v7_pcie_i/cfg_err_aer_headerlog[69].
INFO: [Common 17-14] Message 'Opt 31-6' appears 100 times and further instances of the messages will be disabled. Use the Tcl command set_msg_config to change the current settings.
INFO: [Opt 31-12] Eliminated 5978 unconnected nets.
INFO: [Opt 31-140] Inserted 0 IBUFs to IO ports without IO buffers.
INFO: [Opt 31-141] Inserted 0 OBUFs to IO ports without IO buffers.
INFO: [Opt 31-11] Eliminated 2885 unconnected cells.
Phase 3 Sweep | Checksum: 1211515c9

Time (s): cpu = 00:00:05 ; elapsed = 00:00:05 . Memory (MB): peak = 1513.184 ; gain = 0.000
Ending Logic Optimization Task | Checksum: 1211515c9

Time (s): cpu = 00:00:05 ; elapsed = 00:00:05 . Memory (MB): peak = 1513.184 ; gain = 0.000
Implement Debug Cores | Checksum: 91b2815b
Logic Optimization | Checksum: 91b2815b

Starting Power Optimization Task
INFO: [Pwropt 34-132] Will skip clock gating for clocks with period < 3.12 ns.
INFO: [Pwropt 34-9] Applying IDT optimizations ...
INFO: [Pwropt 34-10] Applying ODC optimizations ...


Starting PowerOpt Patch Enables Task
INFO: [Pwropt 34-162] WRITE_MODE attribute of 57 BRAM(s) out of a total of 65 has been updated to save power.
    Run report_power_opt to get a complete listing of the BRAMs updated.
INFO: [Pwropt 34-201] Structural ODC has moved 0 WE to EN ports
Number of BRAM Ports augmented: 56 newly gated: 0 Total Ports: 130
Ending PowerOpt Patch Enables Task | Checksum: f9f78784

Time (s): cpu = 00:00:00.06 ; elapsed = 00:00:00.07 . Memory (MB): peak = 1641.199 ; gain = 0.000
Ending Power Optimization Task | Checksum: f9f78784

Time (s): cpu = 00:00:07 ; elapsed = 00:00:07 . Memory (MB): peak = 1641.199 ; gain = 128.016
INFO: [Common 17-83] Releasing license: Implementation
41 Infos, 114 Warnings, 6 Critical Warnings and 0 Errors encountered.
opt_design completed successfully
opt_design: Time (s): cpu = 00:00:13 ; elapsed = 00:00:13 . Memory (MB): peak = 1641.199 ; gain = 133.016
Writing XDEF routing.
Writing XDEF routing logical nets.
Writing XDEF routing special nets.
Write XDEF Complete: Time (s): cpu = 00:00:00.18 ; elapsed = 00:00:00.19 . Memory (MB): peak = 1641.203 ; gain = 0.000
Command: place_design
Attempting to get a license for feature 'Implementation' and/or device 'xc7a200t'
INFO: [Common 17-349] Got license for feature 'Implementation' and/or device 'xc7a200t'
Running DRC as a precondition to command place_design
INFO: [Drc 23-27] Running DRC with 4 threads
INFO: [Vivado_Tcl 4-198] DRC finished with 0 Errors
INFO: [Vivado_Tcl 4-199] Please refer to the DRC report (report_drc) for more information.

Starting Placer Task
INFO: [Place 30-611] Multithreading enabled for place_design using a maximum of 4 CPUs

Phase 1 Placer Runtime Estimator
Phase 1 Placer Runtime Estimator | Checksum: e13d44ec

Time (s): cpu = 00:00:00.14 ; elapsed = 00:00:00.14 . Memory (MB): peak = 1641.203 ; gain = 0.000

Phase 2 Placer Initialization

Phase 2.1 Placer Initialization Core
Netlist sorting complete. Time (s): cpu = 00:00:00.02 ; elapsed = 00:00:00.02 . Memory (MB): peak = 1641.203 ; gain = 0.000

Phase 2.1.1 Mandatory Logic Optimization
INFO: [Opt 31-140] Inserted 0 IBUFs to IO ports without IO buffers.
INFO: [Opt 31-141] Inserted 0 OBUFs to IO ports without IO buffers.
INFO: [Opt 31-138] Pushed 0 inverter(s) to 0 load pin(s).
Netlist sorting complete. Time (s): cpu = 00:00:00.01 ; elapsed = 00:00:00.02 . Memory (MB): peak = 1641.203 ; gain = 0.000
Phase 2.1.1 Mandatory Logic Optimization | Checksum: 99e4aad4

Time (s): cpu = 00:00:00.57 ; elapsed = 00:00:00.57 . Memory (MB): peak = 1641.203 ; gain = 0.000

Phase 2.1.2 Build Super Logic Region (SLR) Database
Phase 2.1.2 Build Super Logic Region (SLR) Database | Checksum: 99e4aad4

Time (s): cpu = 00:00:00.62 ; elapsed = 00:00:00.62 . Memory (MB): peak = 1641.203 ; gain = 0.000

Phase 2.1.3 Add Constraints
Phase 2.1.3 Add Constraints | Checksum: 99e4aad4

Time (s): cpu = 00:00:00.63 ; elapsed = 00:00:00.62 . Memory (MB): peak = 1641.203 ; gain = 0.000

Phase 2.1.4 Build Shapes/ HD Config

Phase 2.1.4.1 Build Macros
Phase 2.1.4.1 Build Macros | Checksum: 1228e4ce9

Time (s): cpu = 00:00:02 ; elapsed = 00:00:02 . Memory (MB): peak = 1665.211 ; gain = 24.008
Phase 2.1.4 Build Shapes/ HD Config | Checksum: 1228e4ce9

Time (s): cpu = 00:00:02 ; elapsed = 00:00:02 . Memory (MB): peak = 1665.211 ; gain = 24.008

Phase 2.1.5 IO Placement/ Clock Placement/ Build Placer Device

Phase 2.1.5.1 Pre-Place Cells
Phase 2.1.5.1 Pre-Place Cells | Checksum: 99e4aad4

Time (s): cpu = 00:00:02 ; elapsed = 00:00:02 . Memory (MB): peak = 1665.211 ; gain = 24.008
INFO: [Timing 38-35] Done setting XDC timing constraints.

Phase 2.1.5.2 IO & Clk Clean Up
Phase 2.1.5.2 IO & Clk Clean Up | Checksum: 99e4aad4

Time (s): cpu = 00:00:06 ; elapsed = 00:00:05 . Memory (MB): peak = 1665.211 ; gain = 24.008

Phase 2.1.5.3 Implementation Feasibility check On IDelay
Phase 2.1.5.3 Implementation Feasibility check On IDelay | Checksum: 99e4aad4

Time (s): cpu = 00:00:06 ; elapsed = 00:00:05 . Memory (MB): peak = 1665.211 ; gain = 24.008

Phase 2.1.5.4 Commit IO Placement
Phase 2.1.5.4 Commit IO Placement | Checksum: 01152fdb

Time (s): cpu = 00:00:06 ; elapsed = 00:00:05 . Memory (MB): peak = 1665.211 ; gain = 24.008
Phase 2.1.5 IO Placement/ Clock Placement/ Build Placer Device | Checksum: 89bed1f0

Time (s): cpu = 00:00:06 ; elapsed = 00:00:05 . Memory (MB): peak = 1665.211 ; gain = 24.008

Phase 2.1.6 Build Placer Netlist Model

Phase 2.1.6.1 Place Init Design

Phase 2.1.6.1.1 Init Lut Pin Assignment
Phase 2.1.6.1.1 Init Lut Pin Assignment | Checksum: 146d53088

Time (s): cpu = 00:00:07 ; elapsed = 00:00:06 . Memory (MB): peak = 1665.211 ; gain = 24.008

Phase 2.1.6.1.2 Build Clock Data
Phase 2.1.6.1.2 Build Clock Data | Checksum: b0ca43df

Time (s): cpu = 00:00:19 ; elapsed = 00:00:09 . Memory (MB): peak = 1665.211 ; gain = 24.008

Phase 2.1.6.1.3 setBudgets in placeInitDesign
Phase 2.1.6.1.3 setBudgets in placeInitDesign | Checksum: ce80c9ba

Time (s): cpu = 00:00:19 ; elapsed = 00:00:09 . Memory (MB): peak = 1665.211 ; gain = 24.008
Phase 2.1.6.1 Place Init Design | Checksum: 138a13fb2

Time (s): cpu = 00:00:19 ; elapsed = 00:00:09 . Memory (MB): peak = 1665.211 ; gain = 24.008
Phase 2.1.6 Build Placer Netlist Model | Checksum: 138a13fb2

Time (s): cpu = 00:00:19 ; elapsed = 00:00:09 . Memory (MB): peak = 1665.211 ; gain = 24.008

Phase 2.1.7 Constrain Clocks/Macros

Phase 2.1.7.1 Constrain Global/Regional Clocks
Phase 2.1.7.1 Constrain Global/Regional Clocks | Checksum: 138a13fb2

Time (s): cpu = 00:00:19 ; elapsed = 00:00:09 . Memory (MB): peak = 1665.211 ; gain = 24.008
Phase 2.1.7 Constrain Clocks/Macros | Checksum: 138a13fb2

Time (s): cpu = 00:00:19 ; elapsed = 00:00:09 . Memory (MB): peak = 1665.211 ; gain = 24.008
Phase 2.1 Placer Initialization Core | Checksum: 138a13fb2

Time (s): cpu = 00:00:19 ; elapsed = 00:00:10 . Memory (MB): peak = 1665.211 ; gain = 24.008
Phase 2 Placer Initialization | Checksum: 138a13fb2

Time (s): cpu = 00:00:19 ; elapsed = 00:00:10 . Memory (MB): peak = 1665.211 ; gain = 24.008

Phase 3 Global Placement
Phase 3 Global Placement | Checksum: 26abaa6ce

Time (s): cpu = 00:00:50 ; elapsed = 00:00:23 . Memory (MB): peak = 1665.211 ; gain = 24.008

Phase 4 Detail Placement

Phase 4.1 Commit Multi Column Macros
Phase 4.1 Commit Multi Column Macros | Checksum: 26abaa6ce

Time (s): cpu = 00:00:50 ; elapsed = 00:00:23 . Memory (MB): peak = 1665.211 ; gain = 24.008

Phase 4.2 Commit Most Macros & LUTRAMs
Phase 4.2 Commit Most Macros & LUTRAMs | Checksum: 1d3182572

Time (s): cpu = 00:00:54 ; elapsed = 00:00:25 . Memory (MB): peak = 1665.211 ; gain = 24.008

Phase 4.3 Area Swap Optimization
Phase 4.3 Area Swap Optimization | Checksum: 1beeed0aa

Time (s): cpu = 00:00:54 ; elapsed = 00:00:25 . Memory (MB): peak = 1665.211 ; gain = 24.008

Phase 4.4 Timing Path Optimizer
Phase 4.4 Timing Path Optimizer | Checksum: 1d7889fa3

Time (s): cpu = 00:00:57 ; elapsed = 00:00:26 . Memory (MB): peak = 1665.211 ; gain = 24.008

Phase 4.5 Commit Small Macros & Core Logic

Phase 4.5.1 setBudgets
Phase 4.5.1 setBudgets | Checksum: 200792018

Time (s): cpu = 00:00:57 ; elapsed = 00:00:26 . Memory (MB): peak = 1665.211 ; gain = 24.008
Phase 4.5 Commit Small Macros & Core Logic | Checksum: 161142a6e

Time (s): cpu = 00:01:00 ; elapsed = 00:00:30 . Memory (MB): peak = 1689.223 ; gain = 48.020

Phase 4.6 Re-assign LUT pins
Phase 4.6 Re-assign LUT pins | Checksum: 161142a6e

Time (s): cpu = 00:01:01 ; elapsed = 00:00:30 . Memory (MB): peak = 1689.223 ; gain = 48.020
Phase 4 Detail Placement | Checksum: 161142a6e

Time (s): cpu = 00:01:01 ; elapsed = 00:00:30 . Memory (MB): peak = 1689.223 ; gain = 48.020

Phase 5 Post Placement Optimization and Clean-Up

Phase 5.1 PCOPT Shape updates
Phase 5.1 PCOPT Shape updates | Checksum: d0361da3

Time (s): cpu = 00:01:01 ; elapsed = 00:00:31 . Memory (MB): peak = 1689.223 ; gain = 48.020

Phase 5.2 Post Placement Optimization

Phase 5.2.1 Post Placement Timing Optimization

Phase 5.2.1.1 Restore Best Placement
Phase 5.2.1.1 Restore Best Placement | Checksum: 1e9dea6e3

Time (s): cpu = 00:01:54 ; elapsed = 00:01:22 . Memory (MB): peak = 1689.223 ; gain = 48.020
INFO: [Place 30-746] Post Placement Timing Summary WNS=-5.789. For the most accurate timing information please run report_timing.
Phase 5.2.1 Post Placement Timing Optimization | Checksum: 1e9dea6e3

Time (s): cpu = 00:01:54 ; elapsed = 00:01:22 . Memory (MB): peak = 1689.223 ; gain = 48.020
Phase 5.2 Post Placement Optimization | Checksum: 1e9dea6e3

Time (s): cpu = 00:01:54 ; elapsed = 00:01:22 . Memory (MB): peak = 1689.223 ; gain = 48.020

Phase 5.3 Post Placement Cleanup
Phase 5.3 Post Placement Cleanup | Checksum: 1e9dea6e3

Time (s): cpu = 00:01:54 ; elapsed = 00:01:22 . Memory (MB): peak = 1689.223 ; gain = 48.020

Phase 5.4 Placer Reporting

Phase 5.4.1 Restore STA
Phase 5.4.1 Restore STA | Checksum: 1e9dea6e3

Time (s): cpu = 00:01:54 ; elapsed = 00:01:22 . Memory (MB): peak = 1689.223 ; gain = 48.020
Phase 5.4 Placer Reporting | Checksum: 1e9dea6e3

Time (s): cpu = 00:01:54 ; elapsed = 00:01:22 . Memory (MB): peak = 1689.223 ; gain = 48.020

Phase 5.5 Final Placement Cleanup
Phase 5.5 Final Placement Cleanup | Checksum: 25af8d9b9

Time (s): cpu = 00:01:54 ; elapsed = 00:01:22 . Memory (MB): peak = 1689.223 ; gain = 48.020
Phase 5 Post Placement Optimization and Clean-Up | Checksum: 25af8d9b9

Time (s): cpu = 00:01:54 ; elapsed = 00:01:22 . Memory (MB): peak = 1689.223 ; gain = 48.020
Ending Placer Task | Checksum: 1f7325eca

Time (s): cpu = 00:01:54 ; elapsed = 00:01:22 . Memory (MB): peak = 1689.223 ; gain = 48.020
INFO: [Common 17-83] Releasing license: Implementation
52 Infos, 114 Warnings, 6 Critical Warnings and 0 Errors encountered.
place_design completed successfully
place_design: Time (s): cpu = 00:01:55 ; elapsed = 00:01:23 . Memory (MB): peak = 1689.223 ; gain = 48.020
Writing XDEF routing.
Writing XDEF routing logical nets.
Writing XDEF routing special nets.
Write XDEF Complete: Time (s): cpu = 00:00:01 ; elapsed = 00:00:01 . Memory (MB): peak = 1689.227 ; gain = 0.000
report_utilization: Time (s): cpu = 00:00:00.26 ; elapsed = 00:00:00.31 . Memory (MB): peak = 1689.227 ; gain = 0.000
Command: route_design
Attempting to get a license for feature 'Implementation' and/or device 'xc7a200t'
INFO: [Common 17-349] Got license for feature 'Implementation' and/or device 'xc7a200t'
Running DRC as a precondition to command route_design
INFO: [Drc 23-27] Running DRC with 4 threads
INFO: [Vivado_Tcl 4-198] DRC finished with 0 Errors
INFO: [Vivado_Tcl 4-199] Please refer to the DRC report (report_drc) for more information.


Starting Routing Task
INFO: [Route 35-254] Multithreading enabled for route_design using a maximum of 4 CPUs

Starting Route Task

Phase 1 Build RT Design
Phase 1 Build RT Design | Checksum: f03fee04

Time (s): cpu = 00:00:45 ; elapsed = 00:00:36 . Memory (MB): peak = 1873.363 ; gain = 177.141

Phase 2 Router Initialization

Phase 2.1 Create Timer
Phase 2.1 Create Timer | Checksum: f03fee04

Time (s): cpu = 00:00:45 ; elapsed = 00:00:36 . Memory (MB): peak = 1873.367 ; gain = 177.145
 Number of Nodes with overlaps = 0

Phase 2.2 Update Timing
Phase 2.2 Update Timing | Checksum: 1378f80c7

Time (s): cpu = 00:00:54 ; elapsed = 00:00:40 . Memory (MB): peak = 1920.879 ; gain = 224.656
INFO: [Route 35-57] Estimated Timing Summary | WNS=-5.86  | TNS=-2.53e+03| WHS=-1     | THS=-244   |

Phase 2 Router Initialization | Checksum: 7f9f5b10

Time (s): cpu = 00:00:56 ; elapsed = 00:00:42 . Memory (MB): peak = 1920.879 ; gain = 224.656

Phase 3 Initial Routing
Phase 3 Initial Routing | Checksum: 96f0fead

Time (s): cpu = 00:01:08 ; elapsed = 00:00:46 . Memory (MB): peak = 1987.879 ; gain = 291.656

Phase 4 Rip-up And Reroute

Phase 4.1 Global Iteration 0
 Number of Nodes with overlaps = 1496
 Number of Nodes with overlaps = 163
 Number of Nodes with overlaps = 30
 Number of Nodes with overlaps = 10
 Number of Nodes with overlaps = 4
 Number of Nodes with overlaps = 6
 Number of Nodes with overlaps = 0

Phase 4.1.1 Update Timing
Phase 4.1.1 Update Timing | Checksum: b81ca107

Time (s): cpu = 00:01:23 ; elapsed = 00:00:53 . Memory (MB): peak = 1987.879 ; gain = 291.656
INFO: [Route 35-57] Estimated Timing Summary | WNS=-6.18  | TNS=-6.69e+03| WHS=N/A    | THS=N/A    |


Phase 4.1.2 GlobIterForTiming

Phase 4.1.2.1 Update Timing
Phase 4.1.2.1 Update Timing | Checksum: 66fe0b27

Time (s): cpu = 00:01:24 ; elapsed = 00:00:54 . Memory (MB): peak = 1987.879 ; gain = 291.656

Phase 4.1.2.2 Fast Budgeting
Phase 4.1.2.2 Fast Budgeting | Checksum: 66fe0b27

Time (s): cpu = 00:01:24 ; elapsed = 00:00:54 . Memory (MB): peak = 1987.879 ; gain = 291.656
Phase 4.1.2 GlobIterForTiming | Checksum: f16da2ec

Time (s): cpu = 00:01:24 ; elapsed = 00:00:54 . Memory (MB): peak = 1987.879 ; gain = 291.656
Phase 4.1 Global Iteration 0 | Checksum: f16da2ec

Time (s): cpu = 00:01:24 ; elapsed = 00:00:54 . Memory (MB): peak = 1987.879 ; gain = 291.656

Phase 4.2 Global Iteration 1
 Number of Nodes with overlaps = 27
 Number of Nodes with overlaps = 1
 Number of Nodes with overlaps = 0

Phase 4.2.1 Update Timing
Phase 4.2.1 Update Timing | Checksum: 9bacac34

Time (s): cpu = 00:01:25 ; elapsed = 00:00:55 . Memory (MB): peak = 1987.879 ; gain = 291.656
INFO: [Route 35-57] Estimated Timing Summary | WNS=-6.3   | TNS=-6.69e+03| WHS=N/A    | THS=N/A    |

Phase 4.2 Global Iteration 1 | Checksum: 133ac0b5a

Time (s): cpu = 00:01:25 ; elapsed = 00:00:55 . Memory (MB): peak = 1987.879 ; gain = 291.656
Phase 4 Rip-up And Reroute | Checksum: 133ac0b5a

Time (s): cpu = 00:01:25 ; elapsed = 00:00:55 . Memory (MB): peak = 1987.879 ; gain = 291.656

Phase 5 Delay CleanUp

Phase 5.1 Update Timing
Phase 5.1 Update Timing | Checksum: 133ac0b5a

Time (s): cpu = 00:01:27 ; elapsed = 00:00:56 . Memory (MB): peak = 1987.879 ; gain = 291.656
INFO: [Route 35-57] Estimated Timing Summary | WNS=-6.18  | TNS=-6.41e+03| WHS=N/A    | THS=N/A    |

 Number of Nodes with overlaps = 0
Phase 5 Delay CleanUp | Checksum: 1421faaca

Time (s): cpu = 00:01:33 ; elapsed = 00:00:58 . Memory (MB): peak = 1987.879 ; gain = 291.656

Phase 6 Clock Skew Optimization
Phase 6 Clock Skew Optimization | Checksum: 1421faaca

Time (s): cpu = 00:01:33 ; elapsed = 00:00:58 . Memory (MB): peak = 1987.879 ; gain = 291.656

Phase 7 Post Hold Fix

Phase 7.1 Update Timing
Phase 7.1 Update Timing | Checksum: 1421faaca

Time (s): cpu = 00:01:35 ; elapsed = 00:00:59 . Memory (MB): peak = 1987.879 ; gain = 291.656
INFO: [Route 35-57] Estimated Timing Summary | WNS=-6.18  | TNS=-6.34e+03| WHS=0.034  | THS=0      |

Phase 7 Post Hold Fix | Checksum: 1421faaca

Time (s): cpu = 00:01:35 ; elapsed = 00:00:59 . Memory (MB): peak = 1987.879 ; gain = 291.656

Phase 8 Route finalize

Router Utilization Summary
  Global Vertical Routing Utilization    = 1.66693 %
  Global Horizontal Routing Utilization  = 2.11596 %
  Routable Net Status*
  *Does not include unroutable nets such as driverless and loadless.
  Run report_route_status for detailed report.
  Number of Failed Nets               = 0
  Number of Unrouted Nets             = 0
  Number of Partially Routed Nets     = 0
  Number of Node Overlaps             = 0

Congestion Report
North Dir 1x1 Area, Max Cong = 74.7748%, No Congested Regions.
South Dir 1x1 Area, Max Cong = 65.7658%, No Congested Regions.
East Dir 1x1 Area, Max Cong = 75%, No Congested Regions.
West Dir 1x1 Area, Max Cong = 79.4118%, No Congested Regions.
Phase 8 Route finalize | Checksum: 1421faaca

Time (s): cpu = 00:01:35 ; elapsed = 00:00:59 . Memory (MB): peak = 1987.879 ; gain = 291.656

Phase 9 Verifying routed nets

 Verification completed successfully
Phase 9 Verifying routed nets | Checksum: 1421faaca

Time (s): cpu = 00:01:35 ; elapsed = 00:00:59 . Memory (MB): peak = 1987.879 ; gain = 291.656

Phase 10 Depositing Routes
Phase 10 Depositing Routes | Checksum: 13e67620a

Time (s): cpu = 00:01:36 ; elapsed = 00:01:00 . Memory (MB): peak = 1987.879 ; gain = 291.656

Phase 11 Post Router Timing
INFO: [Route 35-57] Estimated Timing Summary | WNS=-6.18  | TNS=-6.34e+03| WHS=0.034  | THS=0      |

WARNING: [Route 35-328] Router estimated timing not met.
Resolution: For a complete and accurate timing signoff, report_timing_summary must be run after route_design. Alternatively, route_design can be run with the -timing_summary option to enable a complete timing signoff at the end of route_design.
Phase 11 Post Router Timing | Checksum: 13e67620a

Time (s): cpu = 00:01:36 ; elapsed = 00:01:00 . Memory (MB): peak = 1987.879 ; gain = 291.656
INFO: [Route 35-16] Router Completed Successfully
Ending Route Task | Checksum: 13e67620a

Time (s): cpu = 00:01:36 ; elapsed = 00:01:00 . Memory (MB): peak = 1987.879 ; gain = 291.656

Routing Is Done.

Time (s): cpu = 00:01:36 ; elapsed = 00:01:00 . Memory (MB): peak = 1987.883 ; gain = 291.660
INFO: [Common 17-83] Releasing license: Implementation
65 Infos, 115 Warnings, 6 Critical Warnings and 0 Errors encountered.
route_design completed successfully
route_design: Time (s): cpu = 00:01:39 ; elapsed = 00:01:01 . Memory (MB): peak = 1987.883 ; gain = 298.656
Writing XDEF routing.
Writing XDEF routing logical nets.
Writing XDEF routing special nets.
Write XDEF Complete: Time (s): cpu = 00:00:01 ; elapsed = 00:00:01 . Memory (MB): peak = 1987.883 ; gain = 0.000
INFO: [Drc 23-27] Running DRC with 4 threads
INFO: [Coretcl 2-168] The results of DRC are in file /home/vladimir/TESTDIFFAC/cernv1/cernv1.runs/impl_1/v6pcieDMA_drc_routed.rpt.
INFO: [Timing 38-91] UpdateTimingParams: Speed grade: -1, Delay Type: min_max, Constraints type: SDC.
INFO: [Timing 38-191] Multithreading enabled for timing update using a maximum of 4 CPUs
CRITICAL WARNING: [Timing 38-282] The design failed to meet the timing requirements. Please see the timing summary report for details on the timing violations.
Running Vector-less Activity Propagation...

Finished Running Vector-less Activity Propagation
WARNING: [Power 33-218] MMCM/PLL RST static_probability should be either 0 or 1, power analysis is using 0 by default.
Use 'set_switching_activity -static_probability 1 -signal_rate 0 [get_nets ADCMAIN/SR[0]]'  to set the static_probability to '1'  if desired.
Attempting to get a license for feature 'Implementation' and/or device 'xc7a200t'
INFO: [Common 17-349] Got license for feature 'Implementation' and/or device 'xc7a200t'
Running DRC as a precondition to command write_bitstream
INFO: [Drc 23-27] Running DRC with 4 threads
INFO: [Vivado 12-3199] DRC finished with 0 Errors
INFO: [Vivado 12-3200] Please refer to the DRC report (report_drc) for more information.
Loading data files...
Loading site data...
Loading route data...
Processing options...
Creating bitmap...
Creating bitstream...
Bitstream compression saved 58843072 bits.
Writing bitstream ./v6pcieDMA.bit...
INFO: [Vivado 12-1842] Bitgen Completed Successfully.
INFO: [Project 1-120] WebTalk data collection is mandatory for users of free Webpack licenses. To see the specific WebTalk data collected for your design, open the usage_statistics_webtalk.html or usage_statistics_webtalk.xml file in the implementation directory.
INFO: [Common 17-185] WebTalk report has not been sent to Xilinx. Please check your network and proxy settings.
INFO: [Common 17-83] Releasing license: Implementation
write_bitstream: Time (s): cpu = 00:00:50 ; elapsed = 00:00:52 . Memory (MB): peak = 2300.305 ; gain = 312.422
INFO: [Common 17-206] Exiting Vivado at Wed Feb 18 11:28:47 2015...
